<?xml version="1.0" encoding="UTF-8"?>
<testsuite name="kr.ac.jejunu.UserDaoTest" tests="1" skipped="0" failures="0" errors="0" timestamp="2021-03-19T09:57:39" hostname="DESKTOP-71S8SVF" time="1.005">
  <properties/>
  <testcase name="get()" classname="kr.ac.jejunu.UserDaoTest" time="1.005"/>
  <system-out><![CDATA[]]></system-out>
  <system-err><![CDATA[]]></system-err>
</testsuite>
